<?xml version="1.0" encoding="UTF-8"?>
<!-- Generated by org.testng.reporters.JUnitXMLReporter -->
<testsuite ignored="8" hostname="DESKTOP-25T994L" failures="0" tests="2" name="Test" time="6.298" errors="0" timestamp="2024-07-03T12:21:42 IST">
  <testcase classname="testNG_9_Tcs_Groups.TestNG_9_Tcs_Groups" name="swiggy" time="1.737"/>
  <testcase classname="testNG_9_Tcs_Groups.TestNG_9_Tcs_Groups" name="zomato" time="3.013"/>
  <testcase classname="testNG_9_Tcs_Groups.TestNG_9_Tcs_Groups" name="facebook" time="0.0">
    <ignored/>
  </testcase> <!-- facebook -->
  <testcase classname="testNG_9_Tcs_Groups.TestNG_9_Tcs_Groups" name="selenium" time="0.0">
    <ignored/>
  </testcase> <!-- selenium -->
  <testcase classname="testNG_9_Tcs_Groups.TestNG_9_Tcs_Groups" name="Tv9" time="0.0">
    <ignored/>
  </testcase> <!-- Tv9 -->
  <testcase classname="testNG_9_Tcs_Groups.TestNG_9_Tcs_Groups" name="gmail" time="0.0">
    <ignored/>
  </testcase> <!-- gmail -->
  <testcase classname="testNG_9_Tcs_Groups.TestNG_9_Tcs_Groups" name="twitter" time="0.0">
    <ignored/>
  </testcase> <!-- twitter -->
  <testcase classname="testNG_9_Tcs_Groups.TestNG_9_Tcs_Groups" name="ndtv" time="0.0">
    <ignored/>
  </testcase> <!-- ndtv -->
  <testcase classname="testNG_9_Tcs_Groups.TestNG_9_Tcs_Groups" name="redmine" time="0.0">
    <ignored/>
  </testcase> <!-- redmine -->
  <testcase classname="testNG_9_Tcs_Groups.TestNG_9_Tcs_Groups" name="google" time="0.0">
    <ignored/>
  </testcase> <!-- google -->
</testsuite> <!-- Test -->
